2025-02-12 10:56:24,507 [main] INFO  o.hibernate.jpa.boot.internal.PersistenceXmlParser - HHH000318: Could not find any META-INF/persistence.xml file in the classpath
2025-02-12 10:59:40,713 [main] INFO  org.hibernate.jpa.internal.util.LogHelper - HHH000204: Processing PersistenceUnitInfo [name: PersistenciaFCTs]
2025-02-12 10:59:40,767 [main] INFO  org.hibernate.Version                    - HHH000412: Hibernate ORM core version 6.4.4.Final
2025-02-12 10:59:40,812 [main] INFO  o.hibernate.cache.internal.RegionFactoryInitiator - HHH000026: Second-level cache disabled
2025-02-12 10:59:41,020 [main] INFO  org.hibernate.orm.connections.pooling.c3p0 - HHH010002: C3P0 using driver: com.mysql.cj.jdbc.Driver at URL: jdbc:mysql://localhost:3306/FCTs
2025-02-12 10:59:41,020 [main] INFO  org.hibernate.orm.connections.pooling.c3p0 - HHH10001001: Connection properties: {password=****, autocommit=false, user=examen}
2025-02-12 10:59:41,020 [main] INFO  org.hibernate.orm.connections.pooling.c3p0 - HHH10001003: Autocommit mode: false
2025-02-12 10:59:41,048 [MLog-Init-Reporter] INFO  com.mchange.v2.log.MLog                  - MLog clients using slf4j logging.
2025-02-12 10:59:41,210 [main] INFO  com.mchange.v2.c3p0.C3P0Registry         - Initializing c3p0-0.9.5.5 [built 11-December-2019 22:18:33 -0800; debug? true; trace: 10]
2025-02-12 10:59:41,241 [main] INFO  org.hibernate.orm.connections.pooling.c3p0 - HHH10001007: JDBC isolation level: REPEATABLE_READ
2025-02-12 10:59:41,267 [main] INFO  c.m.v2.c3p0.impl.AbstractPoolBackedDataSource - Initializing c3p0 pool... com.mchange.v2.c3p0.PoolBackedDataSource@f4f589c5 [ connectionPoolDataSource -> com.mchange.v2.c3p0.WrapperConnectionPoolDataSource@25cd6bce [ acquireIncrement -> 3, acquireRetryAttempts -> 30, acquireRetryDelay -> 1000, autoCommitOnClose -> false, automaticTestTable -> null, breakAfterAcquireFailure -> false, checkoutTimeout -> 0, connectionCustomizerClassName -> null, connectionTesterClassName -> com.mchange.v2.c3p0.impl.DefaultConnectionTester, contextClassLoaderSource -> caller, debugUnreturnedConnectionStackTraces -> false, factoryClassLocation -> null, forceIgnoreUnresolvedTransactions -> false, forceSynchronousCheckins -> false, identityToken -> 1hgf4snb81x96ntv1d3piv3|25f7391e, idleConnectionTestPeriod -> 0, initialPoolSize -> 2, maxAdministrativeTaskTime -> 0, maxConnectionAge -> 0, maxIdleTime -> 300, maxIdleTimeExcessConnections -> 0, maxPoolSize -> 20, maxStatements -> 50, maxStatementsPerConnection -> 0, minPoolSize -> 2, nestedDataSource -> com.mchange.v2.c3p0.DriverManagerDataSource@522d71 [ description -> null, driverClass -> null, factoryClassLocation -> null, forceUseNamedDriverClass -> false, identityToken -> 1hgf4snb81x96ntv1d3piv3|fb9c7aa, jdbcUrl -> jdbc:mysql://localhost:3306/FCTs, properties -> {password=******, autocommit=false, user=******} ], preferredTestQuery -> null, privilegeSpawnedThreads -> false, propertyCycle -> 0, statementCacheNumDeferredCloseThreads -> 0, testConnectionOnCheckin -> false, testConnectionOnCheckout -> false, unreturnedConnectionTimeout -> 0, usesTraditionalReflectiveProxies -> false; userOverrides: {} ], dataSourceName -> null, extensions -> {}, factoryClassLocation -> null, identityToken -> 1hgf4snb81x96ntv1d3piv3|2c715e84, numHelperThreads -> 3 ]
2025-02-12 11:00:25,642 [main] INFO  org.hibernate.jpa.internal.util.LogHelper - HHH000204: Processing PersistenceUnitInfo [name: PersistenciaFCTs]
2025-02-12 11:00:25,699 [main] INFO  org.hibernate.Version                    - HHH000412: Hibernate ORM core version 6.4.4.Final
2025-02-12 11:00:25,737 [main] INFO  o.hibernate.cache.internal.RegionFactoryInitiator - HHH000026: Second-level cache disabled
2025-02-12 11:00:25,910 [main] INFO  org.hibernate.orm.connections.pooling.c3p0 - HHH010002: C3P0 using driver: com.mysql.cj.jdbc.Driver at URL: jdbc:mysql://localhost:3306/FCTs
2025-02-12 11:00:25,910 [main] INFO  org.hibernate.orm.connections.pooling.c3p0 - HHH10001001: Connection properties: {password=****, autocommit=false, user=examen}
2025-02-12 11:00:25,911 [main] INFO  org.hibernate.orm.connections.pooling.c3p0 - HHH10001003: Autocommit mode: false
2025-02-12 11:00:25,927 [MLog-Init-Reporter] INFO  com.mchange.v2.log.MLog                  - MLog clients using slf4j logging.
2025-02-12 11:00:26,065 [main] INFO  com.mchange.v2.c3p0.C3P0Registry         - Initializing c3p0-0.9.5.5 [built 11-December-2019 22:18:33 -0800; debug? true; trace: 10]
2025-02-12 11:00:26,094 [main] INFO  org.hibernate.orm.connections.pooling.c3p0 - HHH10001007: JDBC isolation level: REPEATABLE_READ
2025-02-12 11:00:26,116 [main] INFO  c.m.v2.c3p0.impl.AbstractPoolBackedDataSource - Initializing c3p0 pool... com.mchange.v2.c3p0.PoolBackedDataSource@f88649f7 [ connectionPoolDataSource -> com.mchange.v2.c3p0.WrapperConnectionPoolDataSource@295e2c00 [ acquireIncrement -> 3, acquireRetryAttempts -> 30, acquireRetryDelay -> 1000, autoCommitOnClose -> false, automaticTestTable -> null, breakAfterAcquireFailure -> false, checkoutTimeout -> 0, connectionCustomizerClassName -> null, connectionTesterClassName -> com.mchange.v2.c3p0.impl.DefaultConnectionTester, contextClassLoaderSource -> caller, debugUnreturnedConnectionStackTraces -> false, factoryClassLocation -> null, forceIgnoreUnresolvedTransactions -> false, forceSynchronousCheckins -> false, identityToken -> 1hgf4snb81x97mg31rrf0xm|25f7391e, idleConnectionTestPeriod -> 0, initialPoolSize -> 2, maxAdministrativeTaskTime -> 0, maxConnectionAge -> 0, maxIdleTime -> 300, maxIdleTimeExcessConnections -> 0, maxPoolSize -> 20, maxStatements -> 50, maxStatementsPerConnection -> 0, minPoolSize -> 2, nestedDataSource -> com.mchange.v2.c3p0.DriverManagerDataSource@6f9eff [ description -> null, driverClass -> null, factoryClassLocation -> null, forceUseNamedDriverClass -> false, identityToken -> 1hgf4snb81x97mg31rrf0xm|fb9c7aa, jdbcUrl -> jdbc:mysql://localhost:3306/FCTs, properties -> {password=******, autocommit=false, user=******} ], preferredTestQuery -> null, privilegeSpawnedThreads -> false, propertyCycle -> 0, statementCacheNumDeferredCloseThreads -> 0, testConnectionOnCheckin -> false, testConnectionOnCheckout -> false, unreturnedConnectionTimeout -> 0, usesTraditionalReflectiveProxies -> false; userOverrides: {} ], dataSourceName -> null, extensions -> {}, factoryClassLocation -> null, identityToken -> 1hgf4snb81x97mg31rrf0xm|2c715e84, numHelperThreads -> 3 ]
2025-02-12 11:00:27,300 [main] INFO  o.h.m.internal.EntityInstantiatorPojoStandard - HHH000182: No default (no-argument) constructor for class: es.MateoAyarra.Alumno (class must be instantiated by Interceptor)
2025-02-12 11:00:27,355 [main] INFO  o.h.m.internal.EntityInstantiatorPojoStandard - HHH000182: No default (no-argument) constructor for class: es.MateoAyarra.Contacto (class must be instantiated by Interceptor)
2025-02-12 11:00:27,511 [main] INFO  o.h.e.t.jta.platform.internal.JtaPlatformInitiator - HHH000489: No JTA platform available (set 'hibernate.transaction.jta.platform' to enable JTA platform integration)
2025-02-12 11:01:16,244 [main] INFO  org.hibernate.jpa.internal.util.LogHelper - HHH000204: Processing PersistenceUnitInfo [name: PersistenciaFCTs]
2025-02-12 11:01:16,298 [main] INFO  org.hibernate.Version                    - HHH000412: Hibernate ORM core version 6.4.4.Final
2025-02-12 11:01:16,336 [main] INFO  o.hibernate.cache.internal.RegionFactoryInitiator - HHH000026: Second-level cache disabled
2025-02-12 11:01:16,505 [main] INFO  org.hibernate.orm.connections.pooling.c3p0 - HHH010002: C3P0 using driver: com.mysql.cj.jdbc.Driver at URL: jdbc:mysql://localhost:3306/FCTs
2025-02-12 11:01:16,505 [main] INFO  org.hibernate.orm.connections.pooling.c3p0 - HHH10001001: Connection properties: {password=****, autocommit=false, user=examen}
2025-02-12 11:01:16,505 [main] INFO  org.hibernate.orm.connections.pooling.c3p0 - HHH10001003: Autocommit mode: false
2025-02-12 11:01:16,523 [MLog-Init-Reporter] INFO  com.mchange.v2.log.MLog                  - MLog clients using slf4j logging.
2025-02-12 11:01:16,663 [main] INFO  com.mchange.v2.c3p0.C3P0Registry         - Initializing c3p0-0.9.5.5 [built 11-December-2019 22:18:33 -0800; debug? true; trace: 10]
2025-02-12 11:01:16,693 [main] INFO  org.hibernate.orm.connections.pooling.c3p0 - HHH10001007: JDBC isolation level: REPEATABLE_READ
2025-02-12 11:01:16,718 [main] INFO  c.m.v2.c3p0.impl.AbstractPoolBackedDataSource - Initializing c3p0 pool... com.mchange.v2.c3p0.PoolBackedDataSource@e2355fc9 [ connectionPoolDataSource -> com.mchange.v2.c3p0.WrapperConnectionPoolDataSource@130d41d2 [ acquireIncrement -> 3, acquireRetryAttempts -> 30, acquireRetryDelay -> 1000, autoCommitOnClose -> false, automaticTestTable -> null, breakAfterAcquireFailure -> false, checkoutTimeout -> 0, connectionCustomizerClassName -> null, connectionTesterClassName -> com.mchange.v2.c3p0.impl.DefaultConnectionTester, contextClassLoaderSource -> caller, debugUnreturnedConnectionStackTraces -> false, factoryClassLocation -> null, forceIgnoreUnresolvedTransactions -> false, forceSynchronousCheckins -> false, identityToken -> 1hgf4snb81x98phm1ifv8j7|25f7391e, idleConnectionTestPeriod -> 0, initialPoolSize -> 2, maxAdministrativeTaskTime -> 0, maxConnectionAge -> 0, maxIdleTime -> 300, maxIdleTimeExcessConnections -> 0, maxPoolSize -> 20, maxStatements -> 50, maxStatementsPerConnection -> 0, minPoolSize -> 2, nestedDataSource -> com.mchange.v2.c3p0.DriverManagerDataSource@187d86ed [ description -> null, driverClass -> null, factoryClassLocation -> null, forceUseNamedDriverClass -> false, identityToken -> 1hgf4snb81x98phm1ifv8j7|fb9c7aa, jdbcUrl -> jdbc:mysql://localhost:3306/FCTs, properties -> {password=******, autocommit=false, user=******} ], preferredTestQuery -> null, privilegeSpawnedThreads -> false, propertyCycle -> 0, statementCacheNumDeferredCloseThreads -> 0, testConnectionOnCheckin -> false, testConnectionOnCheckout -> false, unreturnedConnectionTimeout -> 0, usesTraditionalReflectiveProxies -> false; userOverrides: {} ], dataSourceName -> null, extensions -> {}, factoryClassLocation -> null, identityToken -> 1hgf4snb81x98phm1ifv8j7|2c715e84, numHelperThreads -> 3 ]
2025-02-12 11:01:17,871 [main] INFO  o.h.m.internal.EntityInstantiatorPojoStandard - HHH000182: No default (no-argument) constructor for class: es.MateoAyarra.Alumno (class must be instantiated by Interceptor)
2025-02-12 11:01:17,926 [main] INFO  o.h.m.internal.EntityInstantiatorPojoStandard - HHH000182: No default (no-argument) constructor for class: es.MateoAyarra.Contacto (class must be instantiated by Interceptor)
2025-02-12 11:01:18,080 [main] INFO  o.h.e.t.jta.platform.internal.JtaPlatformInitiator - HHH000489: No JTA platform available (set 'hibernate.transaction.jta.platform' to enable JTA platform integration)
2025-02-12 11:04:41,728 [main] INFO  org.hibernate.jpa.internal.util.LogHelper - HHH000204: Processing PersistenceUnitInfo [name: PersistenciaFCTs]
2025-02-12 11:04:41,782 [main] INFO  org.hibernate.Version                    - HHH000412: Hibernate ORM core version 6.4.4.Final
2025-02-12 11:04:41,821 [main] INFO  o.hibernate.cache.internal.RegionFactoryInitiator - HHH000026: Second-level cache disabled
2025-02-12 11:04:41,998 [main] INFO  org.hibernate.orm.connections.pooling.c3p0 - HHH010002: C3P0 using driver: com.mysql.cj.jdbc.Driver at URL: jdbc:mysql://localhost:3306/FCTs
2025-02-12 11:04:41,998 [main] INFO  org.hibernate.orm.connections.pooling.c3p0 - HHH10001001: Connection properties: {password=****, autocommit=false, user=examen}
2025-02-12 11:04:41,998 [main] INFO  org.hibernate.orm.connections.pooling.c3p0 - HHH10001003: Autocommit mode: false
2025-02-12 11:04:42,015 [MLog-Init-Reporter] INFO  com.mchange.v2.log.MLog                  - MLog clients using slf4j logging.
2025-02-12 11:04:42,155 [main] INFO  com.mchange.v2.c3p0.C3P0Registry         - Initializing c3p0-0.9.5.5 [built 11-December-2019 22:18:33 -0800; debug? true; trace: 10]
2025-02-12 11:04:42,186 [main] INFO  org.hibernate.orm.connections.pooling.c3p0 - HHH10001007: JDBC isolation level: REPEATABLE_READ
2025-02-12 11:04:42,209 [main] INFO  c.m.v2.c3p0.impl.AbstractPoolBackedDataSource - Initializing c3p0 pool... com.mchange.v2.c3p0.PoolBackedDataSource@6fd0d4cc [ connectionPoolDataSource -> com.mchange.v2.c3p0.WrapperConnectionPoolDataSource@a0a8b6d5 [ acquireIncrement -> 3, acquireRetryAttempts -> 30, acquireRetryDelay -> 1000, autoCommitOnClose -> false, automaticTestTable -> null, breakAfterAcquireFailure -> false, checkoutTimeout -> 0, connectionCustomizerClassName -> null, connectionTesterClassName -> com.mchange.v2.c3p0.impl.DefaultConnectionTester, contextClassLoaderSource -> caller, debugUnreturnedConnectionStackTraces -> false, factoryClassLocation -> null, forceIgnoreUnresolvedTransactions -> false, forceSynchronousCheckins -> false, identityToken -> 1hgf4snb81x9d41n1bau8s0|25f7391e, idleConnectionTestPeriod -> 0, initialPoolSize -> 2, maxAdministrativeTaskTime -> 0, maxConnectionAge -> 0, maxIdleTime -> 300, maxIdleTimeExcessConnections -> 0, maxPoolSize -> 20, maxStatements -> 50, maxStatementsPerConnection -> 0, minPoolSize -> 2, nestedDataSource -> com.mchange.v2.c3p0.DriverManagerDataSource@98ede58a [ description -> null, driverClass -> null, factoryClassLocation -> null, forceUseNamedDriverClass -> false, identityToken -> 1hgf4snb81x9d41n1bau8s0|fb9c7aa, jdbcUrl -> jdbc:mysql://localhost:3306/FCTs, properties -> {password=******, autocommit=false, user=******} ], preferredTestQuery -> null, privilegeSpawnedThreads -> false, propertyCycle -> 0, statementCacheNumDeferredCloseThreads -> 0, testConnectionOnCheckin -> false, testConnectionOnCheckout -> false, unreturnedConnectionTimeout -> 0, usesTraditionalReflectiveProxies -> false; userOverrides: {} ], dataSourceName -> null, extensions -> {}, factoryClassLocation -> null, identityToken -> 1hgf4snb81x9d41n1bau8s0|2c715e84, numHelperThreads -> 3 ]
2025-02-12 11:04:43,410 [main] INFO  o.h.m.internal.EntityInstantiatorPojoStandard - HHH000182: No default (no-argument) constructor for class: es.MateoAyarra.Alumno (class must be instantiated by Interceptor)
2025-02-12 11:04:43,466 [main] INFO  o.h.m.internal.EntityInstantiatorPojoStandard - HHH000182: No default (no-argument) constructor for class: es.MateoAyarra.Contacto (class must be instantiated by Interceptor)
2025-02-12 11:04:43,614 [main] INFO  o.h.e.t.jta.platform.internal.JtaPlatformInitiator - HHH000489: No JTA platform available (set 'hibernate.transaction.jta.platform' to enable JTA platform integration)
2025-02-12 11:05:24,035 [main] INFO  org.hibernate.jpa.internal.util.LogHelper - HHH000204: Processing PersistenceUnitInfo [name: PersistenciaFCTs]
2025-02-12 11:05:24,090 [main] INFO  org.hibernate.Version                    - HHH000412: Hibernate ORM core version 6.4.4.Final
2025-02-12 11:05:24,134 [main] INFO  o.hibernate.cache.internal.RegionFactoryInitiator - HHH000026: Second-level cache disabled
2025-02-12 11:05:24,310 [main] INFO  org.hibernate.orm.connections.pooling.c3p0 - HHH010002: C3P0 using driver: com.mysql.cj.jdbc.Driver at URL: jdbc:mysql://localhost:3306/FCTs
2025-02-12 11:05:24,311 [main] INFO  org.hibernate.orm.connections.pooling.c3p0 - HHH10001001: Connection properties: {password=****, autocommit=false, user=examen}
2025-02-12 11:05:24,311 [main] INFO  org.hibernate.orm.connections.pooling.c3p0 - HHH10001003: Autocommit mode: false
2025-02-12 11:05:24,329 [MLog-Init-Reporter] INFO  com.mchange.v2.log.MLog                  - MLog clients using slf4j logging.
2025-02-12 11:05:24,468 [main] INFO  com.mchange.v2.c3p0.C3P0Registry         - Initializing c3p0-0.9.5.5 [built 11-December-2019 22:18:33 -0800; debug? true; trace: 10]
2025-02-12 11:05:24,497 [main] INFO  org.hibernate.orm.connections.pooling.c3p0 - HHH10001007: JDBC isolation level: REPEATABLE_READ
2025-02-12 11:05:24,521 [main] INFO  c.m.v2.c3p0.impl.AbstractPoolBackedDataSource - Initializing c3p0 pool... com.mchange.v2.c3p0.PoolBackedDataSource@7d9845c4 [ connectionPoolDataSource -> com.mchange.v2.c3p0.WrapperConnectionPoolDataSource@ae7027cd [ acquireIncrement -> 3, acquireRetryAttempts -> 30, acquireRetryDelay -> 1000, autoCommitOnClose -> false, automaticTestTable -> null, breakAfterAcquireFailure -> false, checkoutTimeout -> 0, connectionCustomizerClassName -> null, connectionTesterClassName -> com.mchange.v2.c3p0.impl.DefaultConnectionTester, contextClassLoaderSource -> caller, debugUnreturnedConnectionStackTraces -> false, factoryClassLocation -> null, forceIgnoreUnresolvedTransactions -> false, forceSynchronousCheckins -> false, identityToken -> 1hgf4snb81x9e0oz1481b6a|25f7391e, idleConnectionTestPeriod -> 0, initialPoolSize -> 2, maxAdministrativeTaskTime -> 0, maxConnectionAge -> 0, maxIdleTime -> 300, maxIdleTimeExcessConnections -> 0, maxPoolSize -> 20, maxStatements -> 50, maxStatementsPerConnection -> 0, minPoolSize -> 2, nestedDataSource -> com.mchange.v2.c3p0.DriverManagerDataSource@fc787592 [ description -> null, driverClass -> null, factoryClassLocation -> null, forceUseNamedDriverClass -> false, identityToken -> 1hgf4snb81x9e0oz1481b6a|fb9c7aa, jdbcUrl -> jdbc:mysql://localhost:3306/FCTs, properties -> {password=******, autocommit=false, user=******} ], preferredTestQuery -> null, privilegeSpawnedThreads -> false, propertyCycle -> 0, statementCacheNumDeferredCloseThreads -> 0, testConnectionOnCheckin -> false, testConnectionOnCheckout -> false, unreturnedConnectionTimeout -> 0, usesTraditionalReflectiveProxies -> false; userOverrides: {} ], dataSourceName -> null, extensions -> {}, factoryClassLocation -> null, identityToken -> 1hgf4snb81x9e0oz1481b6a|2c715e84, numHelperThreads -> 3 ]
2025-02-12 11:05:25,688 [main] INFO  o.h.m.internal.EntityInstantiatorPojoStandard - HHH000182: No default (no-argument) constructor for class: es.MateoAyarra.Alumno (class must be instantiated by Interceptor)
2025-02-12 11:05:25,747 [main] INFO  o.h.m.internal.EntityInstantiatorPojoStandard - HHH000182: No default (no-argument) constructor for class: es.MateoAyarra.Contacto (class must be instantiated by Interceptor)
2025-02-12 11:05:25,899 [main] INFO  o.h.e.t.jta.platform.internal.JtaPlatformInitiator - HHH000489: No JTA platform available (set 'hibernate.transaction.jta.platform' to enable JTA platform integration)
2025-02-12 11:05:25,955 [main] DEBUG org.hibernate.SQL                        - 
    insert 
    into
        alumnos
        (nombreyapellido, fecha_nacimiento, id_alumno) 
    values
        (?, ?, ?)
2025-02-12 11:05:25,965 [main] TRACE org.hibernate.orm.jdbc.bind              - binding parameter (1:VARCHAR) <- [Dario Pazos]
2025-02-12 11:05:25,966 [main] TRACE org.hibernate.orm.jdbc.bind              - binding parameter (2:DATE) <- [2005-06-15]
2025-02-12 11:05:25,966 [main] TRACE org.hibernate.orm.jdbc.bind              - binding parameter (3:INTEGER) <- [101]
2025-02-12 11:05:25,982 [main] DEBUG org.hibernate.SQL                        - 
    insert 
    into
        alumnos
        (nombreyapellido, fecha_nacimiento, id_alumno) 
    values
        (?, ?, ?)
2025-02-12 11:05:25,983 [main] TRACE org.hibernate.orm.jdbc.bind              - binding parameter (1:VARCHAR) <- [Fermin Sanz]
2025-02-12 11:05:25,983 [main] TRACE org.hibernate.orm.jdbc.bind              - binding parameter (2:DATE) <- [2002-09-21]
2025-02-12 11:05:25,983 [main] TRACE org.hibernate.orm.jdbc.bind              - binding parameter (3:INTEGER) <- [102]
2025-02-12 11:05:25,986 [main] DEBUG org.hibernate.SQL                        - 
    insert 
    into
        alumnoscontactos
        (id_alumno, email, telefono) 
    values
        (?, ?, ?)
2025-02-12 11:05:25,988 [main] TRACE org.hibernate.orm.jdbc.bind              - binding parameter (1:INTEGER) <- [101]
2025-02-12 11:05:25,988 [main] TRACE org.hibernate.orm.jdbc.bind              - binding parameter (2:VARCHAR) <- [dario.pazos@instituto.es]
2025-02-12 11:05:25,989 [main] TRACE org.hibernate.orm.jdbc.bind              - binding parameter (3:VARCHAR) <- [912443213]
2025-02-12 11:05:25,993 [main] DEBUG org.hibernate.SQL                        - 
    insert 
    into
        alumnoscontactos
        (id_alumno, email, telefono) 
    values
        (?, ?, ?)
2025-02-12 11:05:25,994 [main] TRACE org.hibernate.orm.jdbc.bind              - binding parameter (1:INTEGER) <- [102]
2025-02-12 11:05:25,994 [main] TRACE org.hibernate.orm.jdbc.bind              - binding parameter (2:VARCHAR) <- [fermin.sanz@instituto.es]
2025-02-12 11:05:25,995 [main] TRACE org.hibernate.orm.jdbc.bind              - binding parameter (3:VARCHAR) <- [6660006666]
2025-02-12 11:05:45,586 [main] INFO  org.hibernate.jpa.internal.util.LogHelper - HHH000204: Processing PersistenceUnitInfo [name: PersistenciaFCTs]
2025-02-12 11:05:45,643 [main] INFO  org.hibernate.Version                    - HHH000412: Hibernate ORM core version 6.4.4.Final
2025-02-12 11:05:45,682 [main] INFO  o.hibernate.cache.internal.RegionFactoryInitiator - HHH000026: Second-level cache disabled
2025-02-12 11:05:45,856 [main] INFO  org.hibernate.orm.connections.pooling.c3p0 - HHH010002: C3P0 using driver: com.mysql.cj.jdbc.Driver at URL: jdbc:mysql://localhost:3306/FCTs
2025-02-12 11:05:45,857 [main] INFO  org.hibernate.orm.connections.pooling.c3p0 - HHH10001001: Connection properties: {password=****, autocommit=false, user=examen}
2025-02-12 11:05:45,857 [main] INFO  org.hibernate.orm.connections.pooling.c3p0 - HHH10001003: Autocommit mode: false
2025-02-12 11:05:45,873 [MLog-Init-Reporter] INFO  com.mchange.v2.log.MLog                  - MLog clients using slf4j logging.
2025-02-12 11:05:46,012 [main] INFO  com.mchange.v2.c3p0.C3P0Registry         - Initializing c3p0-0.9.5.5 [built 11-December-2019 22:18:33 -0800; debug? true; trace: 10]
2025-02-12 11:05:46,042 [main] INFO  org.hibernate.orm.connections.pooling.c3p0 - HHH10001007: JDBC isolation level: REPEATABLE_READ
2025-02-12 11:05:46,065 [main] INFO  c.m.v2.c3p0.impl.AbstractPoolBackedDataSource - Initializing c3p0 pool... com.mchange.v2.c3p0.PoolBackedDataSource@13cb144e [ connectionPoolDataSource -> com.mchange.v2.c3p0.WrapperConnectionPoolDataSource@44a2f657 [ acquireIncrement -> 3, acquireRetryAttempts -> 30, acquireRetryDelay -> 1000, autoCommitOnClose -> false, automaticTestTable -> null, breakAfterAcquireFailure -> false, checkoutTimeout -> 0, connectionCustomizerClassName -> null, connectionTesterClassName -> com.mchange.v2.c3p0.impl.DefaultConnectionTester, contextClassLoaderSource -> caller, debugUnreturnedConnectionStackTraces -> false, factoryClassLocation -> null, forceIgnoreUnresolvedTransactions -> false, forceSynchronousCheckins -> false, identityToken -> 1hgf4snb81x9ehbiytvinu|25f7391e, idleConnectionTestPeriod -> 0, initialPoolSize -> 2, maxAdministrativeTaskTime -> 0, maxConnectionAge -> 0, maxIdleTime -> 300, maxIdleTimeExcessConnections -> 0, maxPoolSize -> 20, maxStatements -> 50, maxStatementsPerConnection -> 0, minPoolSize -> 2, nestedDataSource -> com.mchange.v2.c3p0.DriverManagerDataSource@f0ccadc8 [ description -> null, driverClass -> null, factoryClassLocation -> null, forceUseNamedDriverClass -> false, identityToken -> 1hgf4snb81x9ehbiytvinu|fb9c7aa, jdbcUrl -> jdbc:mysql://localhost:3306/FCTs, properties -> {password=******, autocommit=false, user=******} ], preferredTestQuery -> null, privilegeSpawnedThreads -> false, propertyCycle -> 0, statementCacheNumDeferredCloseThreads -> 0, testConnectionOnCheckin -> false, testConnectionOnCheckout -> false, unreturnedConnectionTimeout -> 0, usesTraditionalReflectiveProxies -> false; userOverrides: {} ], dataSourceName -> null, extensions -> {}, factoryClassLocation -> null, identityToken -> 1hgf4snb81x9ehbiytvinu|2c715e84, numHelperThreads -> 3 ]
2025-02-12 11:05:47,254 [main] INFO  o.h.m.internal.EntityInstantiatorPojoStandard - HHH000182: No default (no-argument) constructor for class: es.MateoAyarra.Alumno (class must be instantiated by Interceptor)
2025-02-12 11:05:47,307 [main] INFO  o.h.m.internal.EntityInstantiatorPojoStandard - HHH000182: No default (no-argument) constructor for class: es.MateoAyarra.Contacto (class must be instantiated by Interceptor)
2025-02-12 11:05:47,459 [main] INFO  o.h.e.t.jta.platform.internal.JtaPlatformInitiator - HHH000489: No JTA platform available (set 'hibernate.transaction.jta.platform' to enable JTA platform integration)
